<?xml version="1.0" encoding="UTF-8"?>
<!-- Generated by org.testng.reporters.JUnitReportReporter -->
<testsuite hostname="anirudh-vivobook" failures="0" tests="6" name="api.test.DDTests" time="12.764" errors="0" timestamp="2023-12-08T15:48:12 IST" skipped="0">
  <testcase classname="api.test.DDTests" name="testPostuser" time="1.243"/>
  <system-out/>
  <testcase classname="api.test.DDTests" name="testPostuser" time="6.713"/>
  <system-out/>
  <testcase classname="api.test.DDTests" name="testPostuser" time="1.177"/>
  <system-out/>
  <testcase classname="api.test.DDTests" name="testDeleteUserByName" time="1.207"/>
  <system-out/>
  <testcase classname="api.test.DDTests" name="testDeleteUserByName" time="1.202"/>
  <system-out/>
  <testcase classname="api.test.DDTests" name="testDeleteUserByName" time="1.222"/>
  <system-out/>
</testsuite> <!-- api.test.DDTests -->
