<?xml version="1.0" encoding="UTF-8"?>
<!-- Generated by org.testng.reporters.JUnitReportReporter -->
<testsuite hostname="anirudh-vivobook" failures="0" tests="4" name="api.test.userTests" time="11.525" errors="0" timestamp="2023-12-08T20:28:19 IST" skipped="0">
  <testcase classname="api.test.userTests" name="testPostuser" time="6.378"/>
  <system-out/>
  <testcase classname="api.test.userTests" name="testGetuser" time="1.600"/>
  <system-out/>
  <testcase classname="api.test.userTests" name="testUpdateuser" time="2.331"/>
  <system-out/>
  <testcase classname="api.test.userTests" name="testDeluser" time="1.216"/>
  <system-out/>
</testsuite> <!-- api.test.userTests -->
