<?xml version="1.0" encoding="UTF-8"?>
<!-- Generated by org.testng.reporters.JUnitReportReporter -->
<testsuite hostname="anirudh-vivobook" failures="0" tests="4" name="api.test.userTests" time="10.339" errors="0" timestamp="2023-12-09T14:29:29 IST" skipped="0">
  <testcase classname="api.test.userTests" name="testPostuser" time="5.290"/>
  <system-out/>
  <testcase classname="api.test.userTests" name="testGetuser" time="1.250"/>
  <system-out/>
  <testcase classname="api.test.userTests" name="testUpdateuser" time="2.599"/>
  <system-out/>
  <testcase classname="api.test.userTests" name="testDeluser" time="1.200"/>
  <system-out/>
</testsuite> <!-- api.test.userTests -->
